<?xml version="1.0" encoding="UTF-8"?>
<!-- Generated by org.testng.reporters.JUnitReportReporter -->
<testsuite skipped="0" hostname="DESKTOP-HUVU21D" name="testRunner.TestRunner" tests="1" failures="0" timestamp="2021-12-12T20:23:02 IST" time="154.597" errors="0">
  <testcase name="feature" time="154.597" classname="testRunner.TestRunner"/>
  <system-out/>
</testsuite> <!-- testRunner.TestRunner -->
