<?xml version="1.0" encoding="UTF-8"?>
<!-- Generated by org.testng.reporters.JUnitReportReporter -->
<testsuite skipped="0" hostname="DESKTOP-HUVU21D" name="testRunner.TestRunner" tests="1" failures="0" timestamp="2021-12-13T22:53:22 IST" time="0.006" errors="0">
  <testcase name="feature" time="0.006" classname="testRunner.TestRunner"/>
  <system-out/>
</testsuite> <!-- testRunner.TestRunner -->
